# JRE version: Java(TM) SE Runtime Environment (17.0.8+9) (build 17.0.8+9-LTS-211)
# Java VM: Java HotSpot(TM) 64-Bit Server VM (17.0.8+9-LTS-211, mixed mode, sharing, tiered, compressed oops, compressed class ptrs, g1 gc, windows-amd64)
GC Precious Log:
 CPUs: 12 total, 12 available
 Memory: 15557M
 Large Page Support: Disabled
 NUMA Support: Disabled
 Compressed Oops: Enabled (Zero based)
 Heap Region Size: 2M
 Heap Min Capacity: 8M
 Heap Initial Capacity: 244M
 Heap Max Capacity: 3890M
 Pre-touch: Disabled
 Parallel Workers: 10
 Concurrent Workers: 3
 Concurrent Refinement Workers: 10
 Periodic GC: Disabled
Heap:
 garbage-first heap   total 249856K, used 75699K [0x000000070ce00000, 0x0000000800000000)
  region size 2048K, 32 young (65536K), 2 survivors (4096K)
 Metaspace       used 9547K, committed 9728K, reserved 1114112K
  class space    used 954K, committed 1024K, reserved 1048576K
GC Heap History (6 events):
Event: 0.439 GC heap before
{Heap before GC invocations=0 (full 0):
 garbage-first heap   total 249856K, used 22528K [0x000000070ce00000, 0x0000000800000000)
  region size 2048K, 11 young (22528K), 0 survivors (0K)
 Metaspace       used 6672K, committed 6848K, reserved 1114112K
  class space    used 674K, committed 768K, reserved 1048576K
}
Event: 0.443 GC heap after
{Heap after GC invocations=1 (full 0):
 garbage-first heap   total 249856K, used 8408K [0x000000070ce00000, 0x0000000800000000)
  region size 2048K, 2 young (4096K), 2 survivors (4096K)
 Metaspace       used 6672K, committed 6848K, reserved 1114112K
  class space    used 674K, committed 768K, reserved 1048576K
}
Event: 3.968 GC heap before
{Heap before GC invocations=1 (full 0):
 garbage-first heap   total 249856K, used 35032K [0x000000070ce00000, 0x0000000800000000)
  region size 2048K, 13 young (26624K), 2 survivors (4096K)
 Metaspace       used 9234K, committed 9408K, reserved 1114112K
  class space    used 948K, committed 1024K, reserved 1048576K
}
Event: 3.970 GC heap after
{Heap after GC invocations=2 (full 0):
 garbage-first heap   total 249856K, used 17027K [0x000000070ce00000, 0x0000000800000000)
  region size 2048K, 2 young (4096K), 2 survivors (4096K)
 Metaspace       used 9234K, committed 9408K, reserved 1114112K
  class space    used 948K, committed 1024K, reserved 1048576K
}
Event: 22.368 GC heap before
{Heap before GC invocations=2 (full 0):
 garbage-first heap   total 249856K, used 72323K [0x000000070ce00000, 0x0000000800000000)
  region size 2048K, 29 young (59392K), 2 survivors (4096K)
 Metaspace       used 9520K, committed 9728K, reserved 1114112K
  class space    used 951K, committed 1024K, reserved 1048576K
}
Event: 22.369 GC heap after
{Heap after GC invocations=3 (full 0):
 garbage-first heap   total 249856K, used 16307K [0x000000070ce00000, 0x0000000800000000)
  region size 2048K, 2 young (4096K), 2 survivors (4096K)
 Metaspace       used 9520K, committed 9728K, reserved 1114112K
  class space    used 951K, committed 1024K, reserved 1048576K
}

